<?xml version="1.0" encoding="UTF-8"?>
<testsuite xmlns:xsi="http://www.w3.org/2001/XMLSchema-instance" xsi:noNamespaceSchemaLocation="https://maven.apache.org/surefire/maven-surefire-plugin/xsd/surefire-test-report-3.0.xsd" version="3.0" name="AlquilerDAOTest" time="0.357" tests="3" errors="0" skipped="0" failures="0">
  <properties>
[...]
</properties>
  <testcase name="testBuscarPorRangoFechas_sinResultados" classname="AlquilerDAOTest" time="0.316"/>
  <testcase name="testBuscarPorRangoFechas_datosValidos" classname="AlquilerDAOTest" time="0.011"/>
  <testcase name="testBuscarPorRangoFechas_devuelveLista" classname="AlquilerDAOTest" time="0.008"/>
</testsuite>